May-16 10:42:55.732 [main] DEBUG nextflow.cli.Launcher - $> nextflow run test.nf -dump-channels input_ch
May-16 10:42:55.788 [main] INFO  nextflow.cli.CmdRun - N E X T F L O W  ~  version 23.10.1
May-16 10:42:55.800 [main] DEBUG nextflow.plugin.PluginsFacade - Setting up plugin manager > mode=prod; embedded=false; plugins-dir=/Users/bagordo/.nextflow/plugins; core-plugins: nf-amazon@2.1.4,nf-azure@1.3.3,nf-cloudcache@0.3.0,nf-codecommit@0.1.5,nf-console@1.0.6,nf-ga4gh@1.1.0,nf-google@1.8.3,nf-tower@1.6.3,nf-wave@1.0.1
May-16 10:42:55.806 [main] INFO  o.pf4j.DefaultPluginStatusProvider - Enabled plugins: []
May-16 10:42:55.806 [main] INFO  o.pf4j.DefaultPluginStatusProvider - Disabled plugins: []
May-16 10:42:55.808 [main] INFO  org.pf4j.DefaultPluginManager - PF4J version 3.4.1 in 'deployment' mode
May-16 10:42:55.813 [main] INFO  org.pf4j.AbstractPluginManager - No plugins
May-16 10:42:55.822 [main] DEBUG nextflow.config.ConfigBuilder - Found config local: /Users/bagordo/Desktop/all_bioinformatics/nf-core-nanorepertoire/data/nextflow.config
May-16 10:42:55.823 [main] DEBUG nextflow.config.ConfigBuilder - Parsing config file: /Users/bagordo/Desktop/all_bioinformatics/nf-core-nanorepertoire/data/nextflow.config
May-16 10:42:55.833 [main] DEBUG nextflow.config.ConfigBuilder - Applying config profile: `standard`
May-16 10:42:56.089 [main] DEBUG nextflow.cli.CmdRun - Applied DSL=2 by global default
May-16 10:42:56.101 [main] INFO  nextflow.cli.CmdRun - Launching `test.nf` [curious_pasteur] DSL2 - revision: 92fd6d4792
May-16 10:42:56.102 [main] DEBUG nextflow.plugin.PluginsFacade - Plugins default=[]
May-16 10:42:56.102 [main] DEBUG nextflow.plugin.PluginsFacade - Plugins resolved requirement=[nf-tower@1.6.3]
May-16 10:42:56.102 [main] DEBUG nextflow.plugin.PluginUpdater - Installing plugin nf-tower version: 1.6.3
May-16 10:42:56.108 [main] INFO  org.pf4j.AbstractPluginManager - Plugin 'nf-tower@1.6.3' resolved
May-16 10:42:56.108 [main] INFO  org.pf4j.AbstractPluginManager - Start plugin 'nf-tower@1.6.3'
May-16 10:42:56.117 [main] DEBUG nextflow.plugin.BasePlugin - Plugin started nf-tower@1.6.3
May-16 10:42:56.124 [main] DEBUG n.secret.LocalSecretsProvider - Secrets store: /Users/bagordo/.nextflow/secrets/store.json
May-16 10:42:56.126 [main] DEBUG nextflow.secret.SecretsLoader - Discovered secrets providers: [nextflow.secret.LocalSecretsProvider@2f897dab] - activable => nextflow.secret.LocalSecretsProvider@2f897dab
May-16 10:42:56.168 [main] DEBUG nextflow.Session - Session UUID: 1268c4ae-3e90-4f9e-9dd5-f10cf7f1913a
May-16 10:42:56.168 [main] DEBUG nextflow.Session - Run name: curious_pasteur
May-16 10:42:56.168 [main] DEBUG nextflow.Session - Executor pool size: 8
May-16 10:42:56.172 [main] DEBUG nextflow.file.FilePorter - File porter settings maxRetries=3; maxTransfers=50; pollTimeout=null
May-16 10:42:56.175 [main] DEBUG nextflow.util.ThreadPoolBuilder - Creating thread pool 'FileTransfer' minSize=10; maxSize=24; workQueue=LinkedBlockingQueue[10000]; allowCoreThreadTimeout=false
May-16 10:42:56.194 [main] DEBUG nextflow.cli.CmdRun - 
  Version: 23.10.1 build 5891
  Created: 12-01-2024 22:01 UTC (23:01 CEST)
  System: Mac OS X 14.4.1
  Runtime: Groovy 3.0.19 on OpenJDK 64-Bit Server VM 17.0.10+7-LTS
  Encoding: UTF-8 (UTF-8)
  Process: 14236@dbagordo.unipv.it [90.147.110.104]
  CPUs: 8 - Mem: 16 GB (335.7 MB) - Swap: 2 GB (1.7 GB)
May-16 10:42:56.202 [main] DEBUG nextflow.Session - Work-dir: /Users/bagordo/Desktop/all_bioinformatics/nf-core-nanorepertoire/data/work [Mac OS X]
May-16 10:42:56.202 [main] DEBUG nextflow.Session - Script base path does not exist or is not a directory: /Users/bagordo/Desktop/all_bioinformatics/nf-core-nanorepertoire/data/bin
May-16 10:42:56.210 [main] DEBUG nextflow.executor.ExecutorFactory - Extension executors providers=[]
May-16 10:42:56.216 [main] DEBUG nextflow.Session - Observer factory: DefaultObserverFactory
May-16 10:42:56.217 [main] DEBUG nextflow.Session - Observer factory: TowerFactory
May-16 10:42:56.225 [main] DEBUG nextflow.cache.CacheFactory - Using Nextflow cache factory: nextflow.cache.DefaultCacheFactory
May-16 10:42:56.230 [main] DEBUG nextflow.util.CustomThreadPool - Creating default thread pool > poolSize: 9; maxThreads: 1000
May-16 10:42:56.262 [main] DEBUG nextflow.Session - Session start
May-16 10:42:56.419 [main] DEBUG nextflow.script.ScriptRunner - > Launching execution
May-16 10:42:56.623 [main] DEBUG nextflow.executor.ExecutorFactory - << taskConfig executor: null
May-16 10:42:56.623 [main] DEBUG nextflow.executor.ExecutorFactory - >> processorType: 'local'
May-16 10:42:56.627 [main] DEBUG nextflow.executor.Executor - [warm up] executor > local
May-16 10:42:56.629 [main] DEBUG n.processor.LocalPollingMonitor - Creating local task monitor for executor 'local' > cpus=8; memory=16 GB; capacity=8; pollInterval=100ms; dumpInterval=5m
May-16 10:42:56.631 [main] DEBUG n.processor.TaskPollingMonitor - >>> barrier register (monitor: local)
May-16 10:42:56.657 [main] DEBUG nextflow.Session - Workflow process names [dsl2]: CUTADAPT
May-16 10:42:56.657 [main] DEBUG nextflow.Session - Igniting dataflow network (2)
May-16 10:42:56.660 [main] DEBUG nextflow.processor.TaskProcessor - Starting process > CUTADAPT
May-16 10:42:56.661 [PathVisitor-1] DEBUG nextflow.file.PathVisitor - files for syntax: glob; folder: /Users/bagordo/Desktop/all_bioinformatics/nf-core-nanorepertoire/data/; pattern: *_{1,2}_dummy.fastq; options: [:]
May-16 10:42:56.661 [main] DEBUG nextflow.script.ScriptRunner - Parsed script files:
  Script_c8336f5eda9352a9: /Users/bagordo/Desktop/all_bioinformatics/nf-core-nanorepertoire/data/test.nf
  Script_d4e7f866fb06148d: /Users/bagordo/Desktop/all_bioinformatics/nf-core-nanorepertoire/modules/nf-core/cutadapt/main.nf
May-16 10:42:56.662 [main] DEBUG nextflow.script.ScriptRunner - > Awaiting termination 
May-16 10:42:56.662 [main] DEBUG nextflow.Session - Session await
May-16 10:42:56.674 [Actor Thread 7] INFO  nextflow.extension.DumpOp - [DUMP: input_ch] [['id':'SRR18293079_FA-S-P1'], [/Users/bagordo/Desktop/all_bioinformatics/nf-core-nanorepertoire/data/SRR18293079_FA-S-P1_1_dummy.fastq, /Users/bagordo/Desktop/all_bioinformatics/nf-core-nanorepertoire/data/SRR18293079_FA-S-P1_2_dummy.fastq]]
May-16 10:42:56.750 [Task submitter] DEBUG n.executor.local.LocalTaskHandler - Launch cmd line: /bin/bash -ue .command.run
May-16 10:42:56.751 [Task submitter] INFO  nextflow.Session - [c5/1c9e4f] Submitted process > CUTADAPT (SRR18293079_FA-S-P1)
May-16 10:42:57.345 [Task monitor] DEBUG n.processor.TaskPollingMonitor - Task completed > TaskHandler[id: 1; name: CUTADAPT (SRR18293079_FA-S-P1); status: COMPLETED; exit: 2; error: -; workDir: /Users/bagordo/Desktop/all_bioinformatics/nf-core-nanorepertoire/data/work/c5/1c9e4f0eb2d0bc86e752afb4dc216c]
May-16 10:42:57.347 [Task monitor] DEBUG nextflow.processor.TaskProcessor - Handling unexpected condition for
  task: name=CUTADAPT (SRR18293079_FA-S-P1); work-dir=/Users/bagordo/Desktop/all_bioinformatics/nf-core-nanorepertoire/data/work/c5/1c9e4f0eb2d0bc86e752afb4dc216c
  error [nextflow.exception.ProcessFailedException]: Process `CUTADAPT (SRR18293079_FA-S-P1)` terminated with an error exit status (2)
May-16 10:42:57.352 [Task monitor] ERROR nextflow.processor.TaskProcessor - Error executing process > 'CUTADAPT (SRR18293079_FA-S-P1)'

Caused by:
  Process `CUTADAPT (SRR18293079_FA-S-P1)` terminated with an error exit status (2)

Command executed:

  cutadapt \
      -Z \
      --cores 1 \
       \
      -o SRR18293079_FA-S-P1_1.trim.fastq.gz -p SRR18293079_FA-S-P1_2.trim.fastq.gz \
      SRR18293079_FA-S-P1_1_dummy.fastq SRR18293079_FA-S-P1_2_dummy.fastq \
      > SRR18293079_FA-S-P1.cutadapt.log
  cat <<-END_VERSIONS > versions.yml
  "CUTADAPT":
      cutadapt: $(cutadapt --version)
  END_VERSIONS

Command exit status:
  2

Command output:
  (empty)

Command error:
  WARNING: The requested image's platform (linux/amd64) does not match the detected host platform (linux/arm64/v8) and no specific platform was requested
  Run "cutadapt --help" to see command-line options.
  See https://cutadapt.readthedocs.io/ for full documentation.
  
  cutadapt: error: no such option: -Z

Work dir:
  /Users/bagordo/Desktop/all_bioinformatics/nf-core-nanorepertoire/data/work/c5/1c9e4f0eb2d0bc86e752afb4dc216c

Tip: view the complete command output by changing to the process work dir and entering the command `cat .command.out`
May-16 10:42:57.354 [Task monitor] DEBUG nextflow.Session - Session aborted -- Cause: Process `CUTADAPT (SRR18293079_FA-S-P1)` terminated with an error exit status (2)
May-16 10:42:57.354 [main] DEBUG nextflow.Session - Session await > all processes finished
May-16 10:42:57.360 [main] DEBUG nextflow.Session - Session await > all barriers passed
May-16 10:42:57.360 [Task monitor] DEBUG n.processor.TaskPollingMonitor - <<< barrier arrives (monitor: local) - terminating tasks monitor poll loop
May-16 10:42:57.365 [main] DEBUG n.trace.WorkflowStatsObserver - Workflow completed > WorkflowStats[succeededCount=0; failedCount=1; ignoredCount=0; cachedCount=0; pendingCount=0; submittedCount=0; runningCount=0; retriesCount=0; abortedCount=0; succeedDuration=0ms; failedDuration=504ms; cachedDuration=0ms;loadCpus=0; loadMemory=0; peakRunning=1; peakCpus=1; peakMemory=0; ]
May-16 10:42:57.559 [main] DEBUG nextflow.cache.CacheDB - Closing CacheDB done
May-16 10:42:57.559 [main] INFO  org.pf4j.AbstractPluginManager - Stop plugin 'nf-tower@1.6.3'
May-16 10:42:57.559 [main] DEBUG nextflow.plugin.BasePlugin - Plugin stopped nf-tower
May-16 10:42:57.567 [main] DEBUG nextflow.script.ScriptRunner - > Execution complete -- Goodbye
